commit 20e56db36012480f6f6e2c09f2b95022e8f77cdc
Author: Thierry Moisan <thierry.moisan@gmail.com>
Date:   Mon Feb 25 15:11:46 2013 -0500

    add tests for issue 2926

diff --git a/pandas/tseries/tests/test_daterange.py b/pandas/tseries/tests/test_daterange.py
index 29b8d263a..fa5322256 100644
--- a/pandas/tseries/tests/test_daterange.py
+++ b/pandas/tseries/tests/test_daterange.py
@@ -90,6 +90,17 @@ class TestDateRange(unittest.TestCase):
         self.assertEquals(len(rng), 50)
         self.assertEquals(rng[0], datetime(2010, 9, 1, 5))
 
+    def test_timezone_comparaison_bug(self):
+        start = Timestamp('20130220 10:00', tz='US/Eastern')
+        try:
+            date_range(start, periods=2, tz='US/Eastern')
+        except AssertionError:
+            self.fail()
+
+    def test_timezone_comparaison_assert(self):
+        start = Timestamp('20130220 10:00', tz='US/Eastern')
+        self.assertRaises(AssertionError, date_range, start, periods=2, tz='Europe/Berlin')
+
     def test_comparison(self):
         d = self.rng[10]
 
