commit fdba133336c2ec8f1269eb15e73d48797840c48b
Author: Jeff Reback <jeff@reback.net>
Date:   Wed Dec 6 06:37:46 2017 -0500

    DOC: whatsnew v0.22.0 edits

diff --git a/doc/source/whatsnew/v0.22.0.txt b/doc/source/whatsnew/v0.22.0.txt
index 70f71cef5..d34c1f353 100644
--- a/doc/source/whatsnew/v0.22.0.txt
+++ b/doc/source/whatsnew/v0.22.0.txt
@@ -277,7 +277,10 @@ Conversion
 
 - Bug in :class:`Index` constructor with `dtype='uint64'` where int-like floats were not coerced to :class:`UInt64Index` (:issue:`18400`)
 - Bug in the :class:`DataFrame` constructor in which data containing very large positive or very large negative numbers was causing ``OverflowError`` (:issue:`18584`)
--
+- Fixed a bug where creating a Series from an array that contains both tz-naive and tz-aware values will result in a Series whose dtype is tz-aware instead of object (:issue:`16406`)
+- Adding a ``Period`` object to a ``datetime`` or ``Timestamp`` object will now correctly raise a ``TypeError`` (:issue:`17983`)
+- Fixed a bug where ``FY5253`` date offsets could incorrectly raise an ``AssertionError`` in arithmetic operatons (:issue:`14774`)
+
 
 Indexing
 ^^^^^^^^
@@ -327,7 +330,8 @@ Reshaping
 ^^^^^^^^^
 
 - Bug in :func:`DataFrame.stack` which fails trying to sort mixed type levels under Python 3 (:issue:`18310`)
--
+- Fixed construction of a :class:`Series` from a ``dict`` containing ``NaN`` as key (:issue:`18480`)
+
 -
 
 Numeric
@@ -348,8 +352,4 @@ Other
 ^^^^^
 
 - Improved error message when attempting to use a Python keyword as an identifier in a numexpr query (:issue:`18221`)
-- Fixed a bug where creating a Series from an array that contains both tz-naive and tz-aware values will result in a Series whose dtype is tz-aware instead of object (:issue:`16406`)
-- Fixed construction of a :class:`Series` from a ``dict`` containing ``NaN`` as key (:issue:`18480`)
-- Adding a ``Period`` object to a ``datetime`` or ``Timestamp`` object will now correctly raise a ``TypeError`` (:issue:`17983`)
-- Fixed a bug where ``FY5253`` date offsets could incorrectly raise an ``AssertionError`` in arithmetic operatons (:issue:`14774`)
 -
